<?xml version="1.0" encoding="UTF-8"?>
<testng-results ignored="0" total="1" passed="1" failed="0" skipped="0">
  <reporter-output>
  </reporter-output>
  <suite started-at="2025-09-09T18:35:53 IST" name="Suite" finished-at="2025-09-09T18:36:07 IST" duration-ms="14127">
    <groups>
      <group name="cucumber">
        <method signature="AbstractTestNGCucumberTests.runScenario(io.cucumber.testng.PickleWrapper,io.cucumber.testng.FeatureWrapper)[pri:0, instance:Runner.SmokeRunner@3d74bf60]" name="runScenario" class="io.cucumber.testng.AbstractTestNGCucumberTests"/>
      </group> <!-- cucumber -->
    </groups>
    <test started-at="2025-09-09T18:35:53 IST" name="Test" finished-at="2025-09-09T18:36:07 IST" duration-ms="14127">
      <class name="Runner.SmokeRunner">
        <test-method is-config="true" signature="setUpClass(org.testng.ITestContext)[pri:0, instance:Runner.SmokeRunner@3d74bf60]" started-at="2025-09-09T18:35:53 IST" name="setUpClass" finished-at="2025-09-09T18:35:54 IST" duration-ms="1024" status="PASS">
          <params>
            <param index="0">
              <value>
                <![CDATA[org.testng.TestRunner@706f6d26]]>
              </value>
            </param>
          </params>
          <reporter-output>
          </reporter-output>
        </test-method> <!-- setUpClass -->
        <test-method signature="runScenario(io.cucumber.testng.PickleWrapper,io.cucumber.testng.FeatureWrapper)[pri:0, instance:Runner.SmokeRunner@3d74bf60]" started-at="2025-09-09T18:35:54 IST" name="runScenario" description="Runs Cucumber Scenarios" data-provider="scenarios" finished-at="2025-09-09T18:36:06 IST" duration-ms="12249" status="PASS">
          <params>
            <param index="0">
              <value>
                <![CDATA["Successfull fund transfer between accounts"]]>
              </value>
            </param>
            <param index="1">
              <value>
                <![CDATA["Fund Transfer feature"]]>
              </value>
            </param>
          </params>
          <reporter-output>
          </reporter-output>
        </test-method> <!-- runScenario -->
        <test-method is-config="true" signature="tearDownClass()[pri:0, instance:Runner.SmokeRunner@3d74bf60]" started-at="2025-09-09T18:36:06 IST" name="tearDownClass" finished-at="2025-09-09T18:36:07 IST" duration-ms="791" status="PASS">
          <reporter-output>
          </reporter-output>
        </test-method> <!-- tearDownClass -->
      </class> <!-- Runner.SmokeRunner -->
    </test> <!-- Test -->
  </suite> <!-- Suite -->
</testng-results>
