<?xml version="1.0" encoding="UTF-8"?>
<testng-results ignored="0" total="1" passed="1" failed="0" skipped="0">
  <reporter-output>
  </reporter-output>
  <suite started-at="2025-09-09T18:24:36 IST" name="Default suite" finished-at="2025-09-09T18:24:47 IST" duration-ms="11147">
    <groups>
      <group name="cucumber">
        <method signature="AbstractTestNGCucumberTests.runScenario(io.cucumber.testng.PickleWrapper,io.cucumber.testng.FeatureWrapper)[pri:0, instance:Runner.SmokeRunner@97e93f1]" name="runScenario" class="io.cucumber.testng.AbstractTestNGCucumberTests"/>
      </group> <!-- cucumber -->
    </groups>
    <test started-at="2025-09-09T18:24:36 IST" name="Default test" finished-at="2025-09-09T18:24:47 IST" duration-ms="11147">
      <class name="Runner.SmokeRunner">
        <test-method is-config="true" signature="setUpClass(org.testng.ITestContext)[pri:0, instance:Runner.SmokeRunner@97e93f1]" started-at="2025-09-09T18:24:36 IST" name="setUpClass" finished-at="2025-09-09T18:24:37 IST" duration-ms="920" status="PASS">
          <params>
            <param index="0">
              <value>
                <![CDATA[org.testng.TestRunner@6d294ddc]]>
              </value>
            </param>
          </params>
          <reporter-output>
          </reporter-output>
        </test-method> <!-- setUpClass -->
        <test-method signature="runScenario(io.cucumber.testng.PickleWrapper,io.cucumber.testng.FeatureWrapper)[pri:0, instance:Runner.SmokeRunner@97e93f1]" started-at="2025-09-09T18:24:37 IST" name="runScenario" description="Runs Cucumber Scenarios" data-provider="scenarios" finished-at="2025-09-09T18:24:46 IST" duration-ms="9328" status="PASS">
          <params>
            <param index="0">
              <value>
                <![CDATA["user should able to see the account overview"]]>
              </value>
            </param>
            <param index="1">
              <value>
                <![CDATA["Accountoverview feature"]]>
              </value>
            </param>
          </params>
          <reporter-output>
          </reporter-output>
        </test-method> <!-- runScenario -->
        <test-method is-config="true" signature="tearDownClass()[pri:0, instance:Runner.SmokeRunner@97e93f1]" started-at="2025-09-09T18:24:46 IST" name="tearDownClass" finished-at="2025-09-09T18:24:47 IST" duration-ms="842" status="PASS">
          <reporter-output>
          </reporter-output>
        </test-method> <!-- tearDownClass -->
      </class> <!-- Runner.SmokeRunner -->
    </test> <!-- Default test -->
  </suite> <!-- Default suite -->
</testng-results>
