<?xml version="1.0" encoding="UTF-8"?>
<testng-results ignored="0" total="1" passed="1" failed="0" skipped="0">
  <reporter-output>
  </reporter-output>
  <suite started-at="2025-09-10T11:21:09 IST" name="Suite" finished-at="2025-09-10T11:21:14 IST" duration-ms="5529">
    <groups>
      <group name="cucumber">
        <method signature="AbstractTestNGCucumberTests.runScenario(io.cucumber.testng.PickleWrapper,io.cucumber.testng.FeatureWrapper)[pri:0, instance:Runner.SmokeRunner@14fc5f04]" name="runScenario" class="io.cucumber.testng.AbstractTestNGCucumberTests"/>
      </group> <!-- cucumber -->
    </groups>
    <test started-at="2025-09-10T11:21:09 IST" name="Test" finished-at="2025-09-10T11:21:14 IST" duration-ms="5529">
      <class name="Runner.SmokeRunner">
        <test-method is-config="true" signature="setUpClass(org.testng.ITestContext)[pri:0, instance:Runner.SmokeRunner@14fc5f04]" started-at="2025-09-10T11:21:09 IST" name="setUpClass" finished-at="2025-09-10T11:21:10 IST" duration-ms="696" status="PASS">
          <params>
            <param index="0">
              <value>
                <![CDATA[org.testng.TestRunner@666618d6]]>
              </value>
            </param>
          </params>
          <reporter-output>
          </reporter-output>
        </test-method> <!-- setUpClass -->
        <test-method signature="runScenario(io.cucumber.testng.PickleWrapper,io.cucumber.testng.FeatureWrapper)[pri:0, instance:Runner.SmokeRunner@14fc5f04]" started-at="2025-09-10T11:21:10 IST" name="runScenario" description="Runs Cucumber Scenarios" data-provider="scenarios" finished-at="2025-09-10T11:21:14 IST" duration-ms="4531" status="PASS">
          <params>
            <param index="0">
              <value>
                <![CDATA["login with valid username and password"]]>
              </value>
            </param>
            <param index="1">
              <value>
                <![CDATA["login feature"]]>
              </value>
            </param>
          </params>
          <reporter-output>
          </reporter-output>
        </test-method> <!-- runScenario -->
        <test-method is-config="true" signature="tearDownClass()[pri:0, instance:Runner.SmokeRunner@14fc5f04]" started-at="2025-09-10T11:21:14 IST" name="tearDownClass" finished-at="2025-09-10T11:21:14 IST" duration-ms="267" status="PASS">
          <reporter-output>
          </reporter-output>
        </test-method> <!-- tearDownClass -->
      </class> <!-- Runner.SmokeRunner -->
    </test> <!-- Test -->
  </suite> <!-- Suite -->
</testng-results>
